<?xml version="1.0" encoding="UTF-8"?>
<testng-results ignored="0" total="29" passed="27" failed="2" skipped="0">
  <reporter-output>
    <line>
      <![CDATA[The browser is opened]]>
    </line>
  </reporter-output>
  <suite started-at="2023-07-03T14:02:44 IST" name="Suite" finished-at="2023-07-03T14:03:39 IST" duration-ms="55041">
    <groups>
    </groups>
    <test started-at="2023-07-03T14:02:44 IST" name="Test" finished-at="2023-07-03T14:03:39 IST" duration-ms="55041">
      <class name="com.amazon.AmazonOrder">
        <test-method is-config="true" signature="launch()[pri:0, instance:com.amazon.AmazonOrder@629ae7e]" started-at="2023-07-03T14:02:41 IST" name="launch" finished-at="2023-07-03T14:02:44 IST" duration-ms="2765" status="PASS">
          <reporter-output>
            <line>
              <![CDATA[The browser is opened]]>
            </line>
          </reporter-output>
        </test-method> <!-- launch -->
        <test-method signature="titleCheck()[pri:-1, instance:com.amazon.AmazonOrder@629ae7e]" started-at="2023-07-03T14:02:44 IST" name="titleCheck" finished-at="2023-07-03T14:02:44 IST" duration-ms="84" status="PASS">
          <reporter-output>
          </reporter-output>
        </test-method> <!-- titleCheck -->
        <test-method is-config="true" signature="Takescreenshot()[pri:0, instance:com.amazon.AmazonOrder@629ae7e]" started-at="2023-07-03T14:02:44 IST" name="Takescreenshot" finished-at="2023-07-03T14:02:44 IST" duration-ms="488" status="PASS">
          <reporter-output>
          </reporter-output>
        </test-method> <!-- Takescreenshot -->
        <test-method signature="urlCheck()[pri:0, instance:com.amazon.AmazonOrder@629ae7e]" started-at="2023-07-03T14:02:44 IST" name="urlCheck" finished-at="2023-07-03T14:02:44 IST" duration-ms="26" status="PASS">
          <reporter-output>
          </reporter-output>
        </test-method> <!-- urlCheck -->
        <test-method is-config="true" signature="Takescreenshot()[pri:0, instance:com.amazon.AmazonOrder@629ae7e]" started-at="2023-07-03T14:02:44 IST" name="Takescreenshot" finished-at="2023-07-03T14:02:45 IST" duration-ms="486" status="PASS">
          <reporter-output>
          </reporter-output>
        </test-method> <!-- Takescreenshot -->
        <test-method signature="click()[pri:1, instance:com.amazon.AmazonOrder@629ae7e]" started-at="2023-07-03T14:02:45 IST" name="click" finished-at="2023-07-03T14:02:45 IST" duration-ms="430" status="PASS">
          <reporter-output>
          </reporter-output>
        </test-method> <!-- click -->
        <test-method is-config="true" signature="Takescreenshot()[pri:0, instance:com.amazon.AmazonOrder@629ae7e]" started-at="2023-07-03T14:02:45 IST" name="Takescreenshot" finished-at="2023-07-03T14:02:46 IST" duration-ms="470" status="PASS">
          <reporter-output>
          </reporter-output>
        </test-method> <!-- Takescreenshot -->
        <test-method signature="serach()[pri:2, instance:com.amazon.AmazonOrder@629ae7e]" started-at="2023-07-03T14:02:46 IST" name="serach" finished-at="2023-07-03T14:02:46 IST" duration-ms="319" status="PASS">
          <reporter-output>
          </reporter-output>
        </test-method> <!-- serach -->
        <test-method is-config="true" signature="Takescreenshot()[pri:0, instance:com.amazon.AmazonOrder@629ae7e]" started-at="2023-07-03T14:02:46 IST" name="Takescreenshot" finished-at="2023-07-03T14:02:46 IST" duration-ms="361" status="PASS">
          <reporter-output>
          </reporter-output>
        </test-method> <!-- Takescreenshot -->
        <test-method signature="Clicksearch()[pri:3, instance:com.amazon.AmazonOrder@629ae7e]" started-at="2023-07-03T14:02:46 IST" name="Clicksearch" finished-at="2023-07-03T14:02:48 IST" duration-ms="1966" status="PASS">
          <reporter-output>
          </reporter-output>
        </test-method> <!-- Clicksearch -->
        <test-method is-config="true" signature="Takescreenshot()[pri:0, instance:com.amazon.AmazonOrder@629ae7e]" started-at="2023-07-03T14:02:48 IST" name="Takescreenshot" finished-at="2023-07-03T14:02:49 IST" duration-ms="476" status="PASS">
          <reporter-output>
          </reporter-output>
        </test-method> <!-- Takescreenshot -->
        <test-method signature="Switchwindow()[pri:4, instance:com.amazon.AmazonOrder@629ae7e]" started-at="2023-07-03T14:02:49 IST" name="Switchwindow" finished-at="2023-07-03T14:02:49 IST" duration-ms="5" status="PASS">
          <reporter-output>
          </reporter-output>
        </test-method> <!-- Switchwindow -->
        <test-method is-config="true" signature="Takescreenshot()[pri:0, instance:com.amazon.AmazonOrder@629ae7e]" started-at="2023-07-03T14:02:49 IST" name="Takescreenshot" finished-at="2023-07-03T14:02:49 IST" duration-ms="444" status="PASS">
          <reporter-output>
          </reporter-output>
        </test-method> <!-- Takescreenshot -->
        <test-method signature="Clickphone()[pri:5, instance:com.amazon.AmazonOrder@629ae7e]" started-at="2023-07-03T14:02:49 IST" name="Clickphone" finished-at="2023-07-03T14:02:49 IST" duration-ms="261" status="PASS">
          <reporter-output>
          </reporter-output>
        </test-method> <!-- Clickphone -->
        <test-method is-config="true" signature="Takescreenshot()[pri:0, instance:com.amazon.AmazonOrder@629ae7e]" started-at="2023-07-03T14:02:49 IST" name="Takescreenshot" finished-at="2023-07-03T14:02:50 IST" duration-ms="601" status="PASS">
          <reporter-output>
          </reporter-output>
        </test-method> <!-- Takescreenshot -->
        <test-method signature="Switchwindow1()[pri:6, instance:com.amazon.AmazonOrder@629ae7e]" started-at="2023-07-03T14:02:50 IST" name="Switchwindow1" finished-at="2023-07-03T14:02:50 IST" duration-ms="73" status="PASS">
          <reporter-output>
          </reporter-output>
        </test-method> <!-- Switchwindow1 -->
        <test-method is-config="true" signature="Takescreenshot()[pri:0, instance:com.amazon.AmazonOrder@629ae7e]" started-at="2023-07-03T14:02:50 IST" name="Takescreenshot" finished-at="2023-07-03T14:02:55 IST" duration-ms="4993" status="PASS">
          <reporter-output>
          </reporter-output>
        </test-method> <!-- Takescreenshot -->
        <test-method signature="Clickcolour()[pri:7, instance:com.amazon.AmazonOrder@629ae7e]" started-at="2023-07-03T14:02:55 IST" name="Clickcolour" finished-at="2023-07-03T14:02:56 IST" duration-ms="776" status="PASS">
          <reporter-output>
          </reporter-output>
        </test-method> <!-- Clickcolour -->
        <test-method is-config="true" signature="Takescreenshot()[pri:0, instance:com.amazon.AmazonOrder@629ae7e]" started-at="2023-07-03T14:02:56 IST" name="Takescreenshot" finished-at="2023-07-03T14:02:56 IST" duration-ms="409" status="PASS">
          <reporter-output>
          </reporter-output>
        </test-method> <!-- Takescreenshot -->
        <test-method signature="Clickram()[pri:8, instance:com.amazon.AmazonOrder@629ae7e]" started-at="2023-07-03T14:02:56 IST" name="Clickram" finished-at="2023-07-03T14:02:56 IST" duration-ms="174" status="PASS">
          <reporter-output>
          </reporter-output>
        </test-method> <!-- Clickram -->
        <test-method is-config="true" signature="Takescreenshot()[pri:0, instance:com.amazon.AmazonOrder@629ae7e]" started-at="2023-07-03T14:02:56 IST" name="Takescreenshot" finished-at="2023-07-03T14:02:57 IST" duration-ms="656" status="PASS">
          <reporter-output>
          </reporter-output>
        </test-method> <!-- Takescreenshot -->
        <test-method signature="Clickaddtocartphone()[pri:9, instance:com.amazon.AmazonOrder@629ae7e]" started-at="2023-07-03T14:02:57 IST" name="Clickaddtocartphone" finished-at="2023-07-03T14:02:57 IST" duration-ms="12" status="PASS">
          <reporter-output>
          </reporter-output>
        </test-method> <!-- Clickaddtocartphone -->
        <test-method is-config="true" signature="Takescreenshot()[pri:0, instance:com.amazon.AmazonOrder@629ae7e]" started-at="2023-07-03T14:02:57 IST" name="Takescreenshot" finished-at="2023-07-03T14:02:57 IST" duration-ms="365" status="PASS">
          <reporter-output>
          </reporter-output>
        </test-method> <!-- Takescreenshot -->
        <test-method signature="Clickcart()[pri:10, instance:com.amazon.AmazonOrder@629ae7e]" started-at="2023-07-03T14:02:57 IST" name="Clickcart" finished-at="2023-07-03T14:02:57 IST" duration-ms="3" status="PASS">
          <reporter-output>
          </reporter-output>
        </test-method> <!-- Clickcart -->
        <test-method is-config="true" signature="Takescreenshot()[pri:0, instance:com.amazon.AmazonOrder@629ae7e]" started-at="2023-07-03T14:02:57 IST" name="Takescreenshot" finished-at="2023-07-03T14:02:58 IST" duration-ms="473" status="PASS">
          <reporter-output>
          </reporter-output>
        </test-method> <!-- Takescreenshot -->
        <test-method signature="Clickcomputer()[pri:11, instance:com.amazon.AmazonOrder@629ae7e]" started-at="2023-07-03T14:02:58 IST" name="Clickcomputer" finished-at="2023-07-03T14:03:00 IST" duration-ms="2308" status="PASS">
          <reporter-output>
          </reporter-output>
        </test-method> <!-- Clickcomputer -->
        <test-method is-config="true" signature="Takescreenshot()[pri:0, instance:com.amazon.AmazonOrder@629ae7e]" started-at="2023-07-03T14:03:00 IST" name="Takescreenshot" finished-at="2023-07-03T14:03:01 IST" duration-ms="364" status="PASS">
          <reporter-output>
          </reporter-output>
        </test-method> <!-- Takescreenshot -->
        <test-method signature="Clear()[pri:12, instance:com.amazon.AmazonOrder@629ae7e]" started-at="2023-07-03T14:03:01 IST" name="Clear" finished-at="2023-07-03T14:03:01 IST" duration-ms="89" status="PASS">
          <reporter-output>
          </reporter-output>
        </test-method> <!-- Clear -->
        <test-method is-config="true" signature="Takescreenshot()[pri:0, instance:com.amazon.AmazonOrder@629ae7e]" started-at="2023-07-03T14:03:01 IST" name="Takescreenshot" finished-at="2023-07-03T14:03:01 IST" duration-ms="288" status="PASS">
          <reporter-output>
          </reporter-output>
        </test-method> <!-- Takescreenshot -->
        <test-method signature="click1()[pri:13, instance:com.amazon.AmazonOrder@629ae7e]" started-at="2023-07-03T14:03:01 IST" name="click1" finished-at="2023-07-03T14:03:01 IST" duration-ms="153" status="PASS">
          <reporter-output>
          </reporter-output>
        </test-method> <!-- click1 -->
        <test-method is-config="true" signature="Takescreenshot()[pri:0, instance:com.amazon.AmazonOrder@629ae7e]" started-at="2023-07-03T14:03:01 IST" name="Takescreenshot" finished-at="2023-07-03T14:03:01 IST" duration-ms="300" status="PASS">
          <reporter-output>
          </reporter-output>
        </test-method> <!-- Takescreenshot -->
        <test-method signature="Clicksearch1()[pri:14, instance:com.amazon.AmazonOrder@629ae7e]" started-at="2023-07-03T14:03:01 IST" name="Clicksearch1" finished-at="2023-07-03T14:03:04 IST" duration-ms="2636" status="PASS">
          <reporter-output>
          </reporter-output>
        </test-method> <!-- Clicksearch1 -->
        <test-method is-config="true" signature="Takescreenshot()[pri:0, instance:com.amazon.AmazonOrder@629ae7e]" started-at="2023-07-03T14:03:04 IST" name="Takescreenshot" finished-at="2023-07-03T14:03:05 IST" duration-ms="461" status="PASS">
          <reporter-output>
          </reporter-output>
        </test-method> <!-- Takescreenshot -->
        <test-method signature="Clicklatop()[pri:15, instance:com.amazon.AmazonOrder@629ae7e]" started-at="2023-07-03T14:03:05 IST" name="Clicklatop" finished-at="2023-07-03T14:03:07 IST" duration-ms="2781" status="PASS">
          <reporter-output>
          </reporter-output>
        </test-method> <!-- Clicklatop -->
        <test-method is-config="true" signature="Takescreenshot()[pri:0, instance:com.amazon.AmazonOrder@629ae7e]" started-at="2023-07-03T14:03:07 IST" name="Takescreenshot" finished-at="2023-07-03T14:03:08 IST" duration-ms="533" status="PASS">
          <reporter-output>
          </reporter-output>
        </test-method> <!-- Takescreenshot -->
        <test-method signature="ClicklatopApple()[pri:16, instance:com.amazon.AmazonOrder@629ae7e]" started-at="2023-07-03T14:03:08 IST" name="ClicklatopApple" finished-at="2023-07-03T14:03:10 IST" duration-ms="2150" status="PASS">
          <reporter-output>
          </reporter-output>
        </test-method> <!-- ClicklatopApple -->
        <test-method is-config="true" signature="Takescreenshot()[pri:0, instance:com.amazon.AmazonOrder@629ae7e]" started-at="2023-07-03T14:03:10 IST" name="Takescreenshot" finished-at="2023-07-03T14:03:10 IST" duration-ms="431" status="PASS">
          <reporter-output>
          </reporter-output>
        </test-method> <!-- Takescreenshot -->
        <test-method signature="Clicklatopmodle()[pri:17, instance:com.amazon.AmazonOrder@629ae7e]" started-at="2023-07-03T14:03:10 IST" name="Clicklatopmodle" finished-at="2023-07-03T14:03:11 IST" duration-ms="253" status="PASS">
          <reporter-output>
          </reporter-output>
        </test-method> <!-- Clicklatopmodle -->
        <test-method is-config="true" signature="Takescreenshot()[pri:0, instance:com.amazon.AmazonOrder@629ae7e]" started-at="2023-07-03T14:03:11 IST" name="Takescreenshot" finished-at="2023-07-03T14:03:11 IST" duration-ms="609" status="PASS">
          <reporter-output>
          </reporter-output>
        </test-method> <!-- Takescreenshot -->
        <test-method signature="Switchwindow2()[pri:18, instance:com.amazon.AmazonOrder@629ae7e]" started-at="2023-07-03T14:03:11 IST" name="Switchwindow2" finished-at="2023-07-03T14:03:12 IST" duration-ms="198" status="PASS">
          <reporter-output>
          </reporter-output>
        </test-method> <!-- Switchwindow2 -->
        <test-method is-config="true" signature="Takescreenshot()[pri:0, instance:com.amazon.AmazonOrder@629ae7e]" started-at="2023-07-03T14:03:12 IST" name="Takescreenshot" finished-at="2023-07-03T14:03:15 IST" duration-ms="3122" status="PASS">
          <reporter-output>
          </reporter-output>
        </test-method> <!-- Takescreenshot -->
        <test-method signature="Clicklatopaddtocart()[pri:19, instance:com.amazon.AmazonOrder@629ae7e]" started-at="2023-07-03T14:03:15 IST" name="Clicklatopaddtocart" finished-at="2023-07-03T14:03:15 IST" duration-ms="261" status="PASS">
          <reporter-output>
          </reporter-output>
        </test-method> <!-- Clicklatopaddtocart -->
        <test-method is-config="true" signature="Takescreenshot()[pri:0, instance:com.amazon.AmazonOrder@629ae7e]" started-at="2023-07-03T14:03:15 IST" name="Takescreenshot" finished-at="2023-07-03T14:03:15 IST" duration-ms="370" status="PASS">
          <reporter-output>
          </reporter-output>
        </test-method> <!-- Takescreenshot -->
        <test-method signature="clickxmark()[pri:21, instance:com.amazon.AmazonOrder@629ae7e]" started-at="2023-07-03T14:03:15 IST" name="clickxmark" finished-at="2023-07-03T14:03:16 IST" duration-ms="1012" status="FAIL">
          <exception class="org.testng.internal.thread.ThreadTimeoutException">
            <message>
              <![CDATA[Method com.amazon.AmazonOrder.clickxmark() didn't finish within the time-out 1000]]>
            </message>
            <full-stacktrace>
              <![CDATA[org.testng.internal.thread.ThreadTimeoutException: Method com.amazon.AmazonOrder.clickxmark() didn't finish within the time-out 1000
at java.base/jdk.internal.misc.Unsafe.park(Native Method)
at java.base/java.util.concurrent.locks.LockSupport.parkNanos(LockSupport.java:269)
at java.base/java.util.concurrent.CompletableFuture$Signaller.block(CompletableFuture.java:1866)
at java.base/java.util.concurrent.ForkJoinPool.unmanagedBlock(ForkJoinPool.java:3745)
at java.base/java.util.concurrent.ForkJoinPool.managedBlock(ForkJoinPool.java:3690)
at java.base/java.util.concurrent.CompletableFuture.timedGet(CompletableFuture.java:1939)
at java.base/java.util.concurrent.CompletableFuture.get(CompletableFuture.java:2095)
at org.asynchttpclient.netty.NettyResponseFuture.get(NettyResponseFuture.java:206)
at org.openqa.selenium.remote.http.netty.NettyHttpHandler.makeCall(NettyHttpHandler.java:59)
at org.openqa.selenium.remote.http.AddSeleniumUserAgent.lambda$apply$0(AddSeleniumUserAgent.java:42)
at org.openqa.selenium.remote.http.Filter.lambda$andFinally$1(Filter.java:55)
at org.openqa.selenium.remote.http.netty.NettyHttpHandler.execute(NettyHttpHandler.java:48)
at org.openqa.selenium.remote.http.AddSeleniumUserAgent.lambda$apply$0(AddSeleniumUserAgent.java:42)
at org.openqa.selenium.remote.http.Filter.lambda$andFinally$1(Filter.java:55)
at org.openqa.selenium.remote.http.netty.NettyClient.execute(NettyClient.java:97)
at org.openqa.selenium.remote.HttpCommandExecutor.execute(HttpCommandExecutor.java:188)
at org.openqa.selenium.remote.service.DriverCommandExecutor.invokeExecute(DriverCommandExecutor.java:196)
at org.openqa.selenium.remote.service.DriverCommandExecutor.execute(DriverCommandExecutor.java:171)
at org.openqa.selenium.remote.RemoteWebDriver.execute(RemoteWebDriver.java:531)
at org.openqa.selenium.remote.RemoteWebElement.execute(RemoteWebElement.java:242)
at org.openqa.selenium.remote.RemoteWebElement.click(RemoteWebElement.java:77)
at java.base/jdk.internal.reflect.DirectMethodHandleAccessor.invoke(DirectMethodHandleAccessor.java:104)
at java.base/java.lang.reflect.Method.invoke(Method.java:578)
at org.openqa.selenium.support.pagefactory.internal.LocatingElementHandler.invoke(LocatingElementHandler.java:51)
at jdk.proxy2/jdk.proxy2.$Proxy19.click(Unknown Source)
at com.mproject.ActualCode.click(ActualCode.java:78)
at com.amazon.AmazonOrder.clickxmark(AmazonOrder.java:148)
at java.base/jdk.internal.reflect.DirectMethodHandleAccessor.invoke(DirectMethodHandleAccessor.java:104)
at java.base/java.lang.reflect.Method.invoke(Method.java:578)
at org.testng.internal.invokers.MethodInvocationHelper.invokeMethod(MethodInvocationHelper.java:139)
at org.testng.internal.invokers.InvokeMethodRunnable.runOne(InvokeMethodRunnable.java:47)
at org.testng.internal.invokers.InvokeMethodRunnable.call(InvokeMethodRunnable.java:73)
at org.testng.internal.invokers.InvokeMethodRunnable.call(InvokeMethodRunnable.java:11)
at java.base/java.util.concurrent.FutureTask.run(FutureTask.java:317)
at java.base/java.util.concurrent.ThreadPoolExecutor.runWorker(ThreadPoolExecutor.java:1144)
at java.base/java.util.concurrent.ThreadPoolExecutor$Worker.run(ThreadPoolExecutor.java:642)
at java.base/java.lang.Thread.run(Thread.java:1589)
]]>
            </full-stacktrace>
          </exception> <!-- org.testng.internal.thread.ThreadTimeoutException -->
          <reporter-output>
          </reporter-output>
        </test-method> <!-- clickxmark -->
        <test-method is-config="true" signature="Takescreenshot()[pri:0, instance:com.amazon.AmazonOrder@629ae7e]" started-at="2023-07-03T14:03:16 IST" name="Takescreenshot" finished-at="2023-07-03T14:03:17 IST" duration-ms="709" status="PASS">
          <reporter-output>
          </reporter-output>
        </test-method> <!-- Takescreenshot -->
        <test-method signature="clicksearch3()[pri:22, instance:com.amazon.AmazonOrder@629ae7e]" started-at="2023-07-03T14:03:17 IST" name="clicksearch3" finished-at="2023-07-03T14:03:18 IST" duration-ms="1006" status="FAIL">
          <exception class="org.testng.internal.thread.ThreadTimeoutException">
            <message>
              <![CDATA[Method com.amazon.AmazonOrder.clicksearch3() didn't finish within the time-out 1000]]>
            </message>
            <full-stacktrace>
              <![CDATA[org.testng.internal.thread.ThreadTimeoutException: Method com.amazon.AmazonOrder.clicksearch3() didn't finish within the time-out 1000
at java.base/jdk.internal.misc.Unsafe.park(Native Method)
at java.base/java.util.concurrent.locks.LockSupport.parkNanos(LockSupport.java:269)
at java.base/java.util.concurrent.CompletableFuture$Signaller.block(CompletableFuture.java:1866)
at java.base/java.util.concurrent.ForkJoinPool.unmanagedBlock(ForkJoinPool.java:3745)
at java.base/java.util.concurrent.ForkJoinPool.managedBlock(ForkJoinPool.java:3690)
at java.base/java.util.concurrent.CompletableFuture.timedGet(CompletableFuture.java:1939)
at java.base/java.util.concurrent.CompletableFuture.get(CompletableFuture.java:2095)
at org.asynchttpclient.netty.NettyResponseFuture.get(NettyResponseFuture.java:206)
at org.openqa.selenium.remote.http.netty.NettyHttpHandler.makeCall(NettyHttpHandler.java:59)
at org.openqa.selenium.remote.http.AddSeleniumUserAgent.lambda$apply$0(AddSeleniumUserAgent.java:42)
at org.openqa.selenium.remote.http.Filter.lambda$andFinally$1(Filter.java:55)
at org.openqa.selenium.remote.http.netty.NettyHttpHandler.execute(NettyHttpHandler.java:48)
at org.openqa.selenium.remote.http.AddSeleniumUserAgent.lambda$apply$0(AddSeleniumUserAgent.java:42)
at org.openqa.selenium.remote.http.Filter.lambda$andFinally$1(Filter.java:55)
at org.openqa.selenium.remote.http.netty.NettyClient.execute(NettyClient.java:97)
at org.openqa.selenium.remote.HttpCommandExecutor.execute(HttpCommandExecutor.java:188)
at org.openqa.selenium.remote.service.DriverCommandExecutor.invokeExecute(DriverCommandExecutor.java:196)
at org.openqa.selenium.remote.service.DriverCommandExecutor.execute(DriverCommandExecutor.java:171)
at org.openqa.selenium.remote.RemoteWebDriver.execute(RemoteWebDriver.java:531)
at org.openqa.selenium.remote.RemoteWebElement.execute(RemoteWebElement.java:242)
at org.openqa.selenium.remote.RemoteWebElement.click(RemoteWebElement.java:77)
at java.base/jdk.internal.reflect.DirectMethodHandleAccessor.invoke(DirectMethodHandleAccessor.java:104)
at java.base/java.lang.reflect.Method.invoke(Method.java:578)
at org.openqa.selenium.support.pagefactory.internal.LocatingElementHandler.invoke(LocatingElementHandler.java:51)
at jdk.proxy2/jdk.proxy2.$Proxy19.click(Unknown Source)
at com.mproject.ActualCode.click(ActualCode.java:78)
at com.amazon.AmazonOrder.clicksearch3(AmazonOrder.java:153)
at java.base/jdk.internal.reflect.DirectMethodHandleAccessor.invoke(DirectMethodHandleAccessor.java:104)
at java.base/java.lang.reflect.Method.invoke(Method.java:578)
at org.testng.internal.invokers.MethodInvocationHelper.invokeMethod(MethodInvocationHelper.java:139)
at org.testng.internal.invokers.InvokeMethodRunnable.runOne(InvokeMethodRunnable.java:47)
at org.testng.internal.invokers.InvokeMethodRunnable.call(InvokeMethodRunnable.java:73)
at org.testng.internal.invokers.InvokeMethodRunnable.call(InvokeMethodRunnable.java:11)
at java.base/java.util.concurrent.FutureTask.run(FutureTask.java:317)
at java.base/java.util.concurrent.ThreadPoolExecutor.runWorker(ThreadPoolExecutor.java:1144)
at java.base/java.util.concurrent.ThreadPoolExecutor$Worker.run(ThreadPoolExecutor.java:642)
at java.base/java.lang.Thread.run(Thread.java:1589)
]]>
            </full-stacktrace>
          </exception> <!-- org.testng.internal.thread.ThreadTimeoutException -->
          <reporter-output>
          </reporter-output>
        </test-method> <!-- clicksearch3 -->
        <test-method is-config="true" signature="Takescreenshot()[pri:0, instance:com.amazon.AmazonOrder@629ae7e]" started-at="2023-07-03T14:03:18 IST" name="Takescreenshot" finished-at="2023-07-03T14:03:20 IST" duration-ms="2148" status="PASS">
          <reporter-output>
          </reporter-output>
        </test-method> <!-- Takescreenshot -->
        <test-method signature="serach3()[pri:23, instance:com.amazon.AmazonOrder@629ae7e]" started-at="2023-07-03T14:03:20 IST" name="serach3" finished-at="2023-07-03T14:03:24 IST" duration-ms="3682" status="PASS">
          <reporter-output>
          </reporter-output>
        </test-method> <!-- serach3 -->
        <test-method is-config="true" signature="Takescreenshot()[pri:0, instance:com.amazon.AmazonOrder@629ae7e]" started-at="2023-07-03T14:03:24 IST" name="Takescreenshot" finished-at="2023-07-03T14:03:24 IST" duration-ms="624" status="PASS">
          <reporter-output>
          </reporter-output>
        </test-method> <!-- Takescreenshot -->
        <test-method signature="clicktv()[pri:24, instance:com.amazon.AmazonOrder@629ae7e]" started-at="2023-07-03T14:03:24 IST" name="clicktv" finished-at="2023-07-03T14:03:25 IST" duration-ms="680" status="PASS">
          <reporter-output>
          </reporter-output>
        </test-method> <!-- clicktv -->
        <test-method is-config="true" signature="Takescreenshot()[pri:0, instance:com.amazon.AmazonOrder@629ae7e]" started-at="2023-07-03T14:03:25 IST" name="Takescreenshot" finished-at="2023-07-03T14:03:30 IST" duration-ms="5298" status="PASS">
          <reporter-output>
          </reporter-output>
        </test-method> <!-- Takescreenshot -->
        <test-method signature="clicktvmodel()[pri:25, instance:com.amazon.AmazonOrder@629ae7e]" started-at="2023-07-03T14:03:30 IST" name="clicktvmodel" finished-at="2023-07-03T14:03:31 IST" duration-ms="564" status="PASS">
          <reporter-output>
          </reporter-output>
        </test-method> <!-- clicktvmodel -->
        <test-method is-config="true" signature="Takescreenshot()[pri:0, instance:com.amazon.AmazonOrder@629ae7e]" started-at="2023-07-03T14:03:31 IST" name="Takescreenshot" finished-at="2023-07-03T14:03:32 IST" duration-ms="492" status="PASS">
          <reporter-output>
          </reporter-output>
        </test-method> <!-- Takescreenshot -->
        <test-method signature="Clicktocart()[pri:26, instance:com.amazon.AmazonOrder@629ae7e]" started-at="2023-07-03T14:03:32 IST" name="Clicktocart" finished-at="2023-07-03T14:03:35 IST" duration-ms="3497" status="PASS">
          <reporter-output>
          </reporter-output>
        </test-method> <!-- Clicktocart -->
        <test-method is-config="true" signature="Takescreenshot()[pri:0, instance:com.amazon.AmazonOrder@629ae7e]" started-at="2023-07-03T14:03:35 IST" name="Takescreenshot" finished-at="2023-07-03T14:03:35 IST" duration-ms="396" status="PASS">
          <reporter-output>
          </reporter-output>
        </test-method> <!-- Takescreenshot -->
        <test-method signature="Takescreenshot()[pri:27, instance:com.amazon.AmazonOrder@629ae7e]" started-at="2023-07-03T14:03:35 IST" name="Takescreenshot" finished-at="2023-07-03T14:03:36 IST" duration-ms="330" status="PASS">
          <reporter-output>
          </reporter-output>
        </test-method> <!-- Takescreenshot -->
        <test-method is-config="true" signature="Takescreenshot()[pri:0, instance:com.amazon.AmazonOrder@629ae7e]" started-at="2023-07-03T14:03:36 IST" name="Takescreenshot" finished-at="2023-07-03T14:03:36 IST" duration-ms="308" status="PASS">
          <reporter-output>
          </reporter-output>
        </test-method> <!-- Takescreenshot -->
        <test-method signature="clickbuy()[pri:28, instance:com.amazon.AmazonOrder@629ae7e]" started-at="2023-07-03T14:03:36 IST" name="clickbuy" finished-at="2023-07-03T14:03:38 IST" duration-ms="1814" status="PASS">
          <reporter-output>
          </reporter-output>
        </test-method> <!-- clickbuy -->
        <test-method is-config="true" signature="Takescreenshot()[pri:0, instance:com.amazon.AmazonOrder@629ae7e]" started-at="2023-07-03T14:03:38 IST" name="Takescreenshot" finished-at="2023-07-03T14:03:38 IST" duration-ms="374" status="PASS">
          <reporter-output>
          </reporter-output>
        </test-method> <!-- Takescreenshot -->
        <test-method is-config="true" signature="clickbuy()[pri:0, instance:com.amazon.AmazonOrder@629ae7e]" started-at="2023-07-03T14:03:38 IST" name="clickbuy" finished-at="2023-07-03T14:03:39 IST" duration-ms="283" status="PASS">
          <reporter-output>
          </reporter-output>
        </test-method> <!-- clickbuy -->
        <test-method is-config="true" signature="close1()[pri:0, instance:com.amazon.AmazonOrder@629ae7e]" started-at="2023-07-03T14:03:39 IST" name="close1" finished-at="2023-07-03T14:03:39 IST" duration-ms="69" status="PASS">
          <reporter-output>
          </reporter-output>
        </test-method> <!-- close1 -->
      </class> <!-- com.amazon.AmazonOrder -->
    </test> <!-- Test -->
  </suite> <!-- Suite -->
</testng-results>
